<?xml version="1.0" encoding="UTF-8"?>
<testsuite xmlns:xsi="http://www.w3.org/2001/XMLSchema-instance" xsi:noNamespaceSchemaLocation="https://maven.apache.org/surefire/maven-surefire-plugin/xsd/surefire-test-report.xsd" name="zerocoke.study.SuiteTest" time="0.103" tests="14" errors="0" skipped="0" failures="5">
  <properties>
[...]
</properties>
  <testcase name="testDemo2" classname="zerocoke.study.Junit4DemoTest" time="0">
    <failure type="java.lang.AssertionError">java.lang.AssertionError
	at zerocoke.study.Junit4DemoTest.testDemo2(Junit4DemoTest.java:21)
</failure>
  </testcase>
  <testcase name="testDemo" classname="zerocoke.study.Junit4DemoTest" time="0.001"/>
  <testcase name="testDemoBChildren" classname="zerocoke.study.Junit4DemoChildren2Test" time="0.003"/>
  <testcase name="testDemoAChildren" classname="zerocoke.study.Junit4DemoChildren2Test" time="0.001">
    <failure type="java.lang.AssertionError">java.lang.AssertionError
	at zerocoke.study.Junit4DemoChildren2Test.testDemoAChildren(Junit4DemoChildren2Test.java:52)
</failure>
    <system-out><![CDATA[--我是@before，用例执行前先到我这--
--我是Children@before，用例执行前先到我这--
Children testDemoA
--我是Children@after，用例执行后到我这--
--我是@after，用例执行后到我这--
]]></system-out>
  </testcase>
  <testcase name="testDemoCChildren" classname="zerocoke.study.Junit4DemoChildren2Test" time="0.002"/>
  <testcase name="testDemoA" classname="zerocoke.study.Junit4DemoChildren2Test" time="0.002">
    <failure type="java.lang.AssertionError">java.lang.AssertionError
</failure>
    <system-out><![CDATA[--我是@before，用例执行前先到我这--
--我是Children@before，用例执行前先到我这--
testDemoA
--我是Children@after，用例执行后到我这--
--我是@after，用例执行后到我这--
]]></system-out>
  </testcase>
  <testcase name="testDemoB" classname="zerocoke.study.Junit4DemoChildren2Test" time="0.002"/>
  <testcase name="testDemoC" classname="zerocoke.study.Junit4DemoChildren2Test" time="0.001"/>
  <testcase name="testDemoA" classname="zerocoke.study.Junit4MethodTest" time="0.001">
    <failure type="java.lang.AssertionError">java.lang.AssertionError
	at zerocoke.study.Junit4MethodTest.testDemoA(Junit4MethodTest.java:58)
</failure>
    <system-out><![CDATA[==我是Children@AfterClass，我是运行最后一步==
==我是@AfterClass，我是运行最后一步==
==我是@BeforeClass，我是运行第一步==
--我是@before，用例执行前先到我这--
testDemoA
--我是@after，用例执行后到我这--
]]></system-out>
  </testcase>
  <testcase name="testDemoB" classname="zerocoke.study.Junit4MethodTest" time="0.001"/>
  <testcase name="testDemoC" classname="zerocoke.study.Junit4MethodTest" time="0.001"/>
  <testcase name="testDemoA" classname="zerocoke.study.Junit4DemoChildrenTest" time="0.002">
    <failure type="java.lang.AssertionError">java.lang.AssertionError
	at zerocoke.study.Junit4DemoChildrenTest.testDemoA(Junit4DemoChildrenTest.java:62)
</failure>
    <system-out><![CDATA[==我是@AfterClass，我是运行最后一步==
==我是Children@BeforeClass，我是运行第一步==
--我是Children@before，用例执行前先到我这--
Children testDemoA
--我是Children@after，用例执行后到我这--
]]></system-out>
  </testcase>
  <testcase name="testDemoB" classname="zerocoke.study.Junit4DemoChildrenTest" time="0.001"/>
  <testcase name="testDemoC" classname="zerocoke.study.Junit4DemoChildrenTest" time="0.001"/>
</testsuite>